<?xml version="1.0" encoding="UTF-8"?>
<testng-results skipped="0" failed="0" ignored="0" total="1" passed="1">
  <reporter-output>
  </reporter-output>
  <suite name="Default suite" duration-ms="13015" started-at="2020-12-17T06:30:51Z" finished-at="2020-12-17T06:31:04Z">
    <groups>
    </groups>
    <test name="Default test" duration-ms="13015" started-at="2020-12-17T06:30:51Z" finished-at="2020-12-17T06:31:04Z">
      <class name="training.selenium.session10.testscripts.ValidateLogin">
        <test-method status="PASS" signature="setup()[pri:0, instance:training.selenium.session10.testscripts.ValidateLogin@5e5792a0]" name="setup" is-config="true" duration-ms="6468" started-at="2020-12-17T06:30:51Z" finished-at="2020-12-17T06:30:57Z">
          <reporter-output>
          </reporter-output>
        </test-method> <!-- setup -->
        <test-method status="PASS" signature="validateLoginTest()[pri:0, instance:training.selenium.session10.testscripts.ValidateLogin@5e5792a0]" name="validateLoginTest" duration-ms="3822" started-at="2020-12-17T06:30:57Z" finished-at="2020-12-17T06:31:01Z">
          <reporter-output>
          </reporter-output>
        </test-method> <!-- validateLoginTest -->
        <test-method status="PASS" signature="teardown()[pri:0, instance:training.selenium.session10.testscripts.ValidateLogin@5e5792a0]" name="teardown" is-config="true" duration-ms="2704" started-at="2020-12-17T06:31:01Z" finished-at="2020-12-17T06:31:04Z">
          <reporter-output>
          </reporter-output>
        </test-method> <!-- teardown -->
      </class> <!-- training.selenium.session10.testscripts.ValidateLogin -->
    </test> <!-- Default test -->
  </suite> <!-- Default suite -->
</testng-results>
